<?xml version="1.0" encoding="UTF-8"?>
<!-- Generated by org.testng.reporters.JUnitReportReporter -->
<testsuite hostname="SChowdhuryWork" failures="0" tests="1" name="test.BasicValidation" time="0.010" errors="0" timestamp="2023-01-24T12:17:25 EST" skipped="0">
  <testcase classname="test.BasicValidation" name="titleValidation" time="0.010"/>
  <system-out>
    <![CDATA[Expected Title = Facebook - log in or sign up
Actual Title = Facebook - log in or sign up]]>
  </system-out>
</testsuite> <!-- test.BasicValidation -->
